Using pre-set license
Built from '2020.3/staging' branch; Version is '2020.3.25f1 (9b9180224418) revision 10195328'; Using compiler version '192528614'; Build Type 'Release'
OS: 'Windows 10  (10.0.19044) 64bit Professional' Language: 'ko' Physical Memory: 16265 MB
BatchMode: 1, IsHumanControllingUs: 0, StartBugReporterOnCrash: 0, Is64bit: 1, IsPro: 0

COMMAND LINE ARGUMENTS:
C:\Program Files\Unity\Hub\Editor\2020.3.25f1\Editor\Unity.exe
-adb2
-batchMode
-noUpm
-name
AssetImportWorker0
-projectPath
C:/Users/User/Documents/GitHub/UnityLessonBasic_Nowon_Sat/TowerDefence
-logFile
Logs/AssetImportWorker0.log
-srvPort
56582
Successfully changed project path to: C:/Users/User/Documents/GitHub/UnityLessonBasic_Nowon_Sat/TowerDefence
C:/Users/User/Documents/GitHub/UnityLessonBasic_Nowon_Sat/TowerDefence
Using Asset Import Pipeline V2.
Refreshing native plugins compatible for Editor in 24.49 ms, found 2 plugins.
Preloading 0 native plugins for Editor in 0.00 ms.
Initialize engine version: 2020.3.25f1 (9b9180224418)
[Subsystems] Discovering subsystems at path C:/Program Files/Unity/Hub/Editor/2020.3.25f1/Editor/Data/Resources/UnitySubsystems
[Subsystems] Discovering subsystems at path C:/Users/User/Documents/GitHub/UnityLessonBasic_Nowon_Sat/TowerDefence/Assets
GfxDevice: creating device client; threaded=0
Direct3D:
    Version:  Direct3D 11.0 [level 11.1]
    Renderer: NVIDIA GeForce GTX 1660 SUPER (ID=0x21c4)
    Vendor:   
    VRAM:     5991 MB
    Driver:   27.21.14.5751
Initialize mono
Mono path[0] = 'C:/Program Files/Unity/Hub/Editor/2020.3.25f1/Editor/Data/Managed'
Mono path[1] = 'C:/Program Files/Unity/Hub/Editor/2020.3.25f1/Editor/Data/MonoBleedingEdge/lib/mono/unityjit'
Mono config path = 'C:/Program Files/Unity/Hub/Editor/2020.3.25f1/Editor/Data/MonoBleedingEdge/etc'
Using monoOptions --debugger-agent=transport=dt_socket,embedding=1,server=y,suspend=n,address=127.0.0.1:56136
Begin MonoManager ReloadAssembly
Registering precompiled unity dll's ...
Register platform support module: C:/Program Files/Unity/Hub/Editor/2020.3.25f1/Editor/Data/PlaybackEngines/WindowsStandaloneSupport/UnityEditor.WindowsStandalone.Extensions.dll
Registered in 0.001916 seconds.
Native extension for WindowsStandalone target not found
Refreshing native plugins compatible for Editor in 26.39 ms, found 2 plugins.
Preloading 0 native plugins for Editor in 0.00 ms.
Mono: successfully reloaded assembly
- Completed reload, in  1.505 seconds
Domain Reload Profiling:
	ReloadAssembly (1505ms)
		BeginReloadAssembly (40ms)
			ExecutionOrderSort (0ms)
			DisableScriptedObjects (0ms)
			BackupInstance (0ms)
			ReleaseScriptingObjects (0ms)
			CreateAndSetChildDomain (1ms)
		EndReloadAssembly (1415ms)
			LoadAssemblies (39ms)
			RebuildTransferFunctionScriptingTraits (0ms)
			SetupTypeCache (90ms)
			ReleaseScriptCaches (0ms)
			RebuildScriptCaches (26ms)
			SetupLoadedEditorAssemblies (1187ms)
				LogAssemblyErrors (0ms)
				InitializePlatformSupportModulesInManaged (3ms)
				SetLoadedEditorAssemblies (0ms)
				RefreshPlugins (26ms)
				BeforeProcessingInitializeOnLoad (13ms)
				ProcessInitializeOnLoadAttributes (766ms)
				ProcessInitializeOnLoadMethodAttributes (378ms)
				AfterProcessingInitializeOnLoad (0ms)
				EditorAssembliesLoaded (0ms)
			ExecutionOrderSort2 (0ms)
			AwakeInstancesAfterBackupRestoration (0ms)
Platform modules already initialized, skipping
Registering precompiled user dll's ...
Registered in 0.103710 seconds.
Begin MonoManager ReloadAssembly
Native extension for WindowsStandalone target not found
Refreshing native plugins compatible for Editor in 0.25 ms, found 2 plugins.
Preloading 0 native plugins for Editor in 0.00 ms.
Mono: successfully reloaded assembly
- Completed reload, in  0.700 seconds
Domain Reload Profiling:
	ReloadAssembly (700ms)
		BeginReloadAssembly (117ms)
			ExecutionOrderSort (0ms)
			DisableScriptedObjects (5ms)
			BackupInstance (0ms)
			ReleaseScriptingObjects (0ms)
			CreateAndSetChildDomain (15ms)
		EndReloadAssembly (527ms)
			LoadAssemblies (76ms)
			RebuildTransferFunctionScriptingTraits (0ms)
			SetupTypeCache (180ms)
			ReleaseScriptCaches (0ms)
			RebuildScriptCaches (25ms)
			SetupLoadedEditorAssemblies (203ms)
				LogAssemblyErrors (0ms)
				InitializePlatformSupportModulesInManaged (3ms)
				SetLoadedEditorAssemblies (0ms)
				RefreshPlugins (0ms)
				BeforeProcessingInitializeOnLoad (55ms)
				ProcessInitializeOnLoadAttributes (131ms)
				ProcessInitializeOnLoadMethodAttributes (7ms)
				AfterProcessingInitializeOnLoad (6ms)
				EditorAssembliesLoaded (0ms)
			ExecutionOrderSort2 (0ms)
			AwakeInstancesAfterBackupRestoration (4ms)
Platform modules already initialized, skipping
========================================================================
Worker process is ready to serve import requests
Launched and connected shader compiler UnityShaderCompiler.exe after 0.03 seconds
Refreshing native plugins compatible for Editor in 0.30 ms, found 2 plugins.
Preloading 0 native plugins for Editor in 0.00 ms.
Unloading 1516 Unused Serialized files (Serialized files now loaded: 0)
System memory in use before: 69.4 MB.
System memory in use after: 69.5 MB.

Unloading 19 unused Assets to reduce memory usage. Loaded Objects now: 1953.
Total: 2.365400 ms (FindLiveObjects: 0.100900 ms CreateObjectMapping: 0.031400 ms MarkObjects: 2.122700 ms  DeleteObjects: 0.109700 ms)

AssetImportParameters requested are different than current active one (requested -> active):
  custom:framework-win-MediaFoundation: 216162199b28c13a410421893ffa2e32 -> 
  custom:video-decoder-ogg-theora: a1e56fd34408186e4bbccfd4996cb3dc -> 
  custom:container-muxer-webm: aa71ff27fc2769a1b78a27578f13a17b -> 
  custom:container-demuxer-webm: 4f35f7cbe854078d1ac9338744f61a02 -> 
  custom:container-demuxer-ogg: 62fdf1f143b41e24485cea50d1cbac27 -> 
  custom:video-encoder-webm-vp8: eb34c28f22e8b96e1ab97ce403110664 -> 
  custom:video-decoder-webm-vp8: 9c59270c3fd7afecdb556c50c9e8de78 -> 
  custom:audio-decoder-ogg-vorbis: bf7c407c2cedff20999df2af8eb42d56 -> 
  custom:audio-encoder-webm-vorbis: bf7c407c2cedff20999df2af8eb42d56 -> 
========================================================================
Received Import Request.
  path: Assets/02.Scripts/Tower/TowerAssets.cs
  artifactKey: Guid(92d7969d9c5b6914baada6077bde7311) Importer(815301076,1909f56bfc062723c751e8b465ee728b)
Start importing Assets/02.Scripts/Tower/TowerAssets.cs using Guid(92d7969d9c5b6914baada6077bde7311) Importer(815301076,1909f56bfc062723c751e8b465ee728b)  -> (artifact id: 'c7a7367619be1fad4b61b8fa06de2429') in 0.016504 seconds 
  Import took 0.018947 seconds .

========================================================================
Received Import Request.
  Time since last request: 1436.328646 seconds.
  path: Assets/Resources/Assets/TowerAssets.prefab
  artifactKey: Guid(8e094edf8b6e2dc499b86cd3d139c0bd) Importer(815301076,1909f56bfc062723c751e8b465ee728b)
Start importing Assets/Resources/Assets/TowerAssets.prefab using Guid(8e094edf8b6e2dc499b86cd3d139c0bd) Importer(815301076,1909f56bfc062723c751e8b465ee728b)  -> (artifact id: '0028c53eb40e0322b22c7ca8797123a5') in 0.022174 seconds 
  Import took 0.024408 seconds .

========================================================================
Received Import Request.
  Time since last request: 5.639777 seconds.
  path: Assets/Resources/Assets/LevelInfoAssets.prefab
  artifactKey: Guid(c491072fc76cbc94cad9b77254115b15) Importer(815301076,1909f56bfc062723c751e8b465ee728b)
Start importing Assets/Resources/Assets/LevelInfoAssets.prefab using Guid(c491072fc76cbc94cad9b77254115b15) Importer(815301076,1909f56bfc062723c751e8b465ee728b)  -> (artifact id: 'a809dd8f9158729f62199acd3526e869') in 0.003927 seconds 
  Import took 0.005834 seconds .

========================================================================
Received Import Request.
  Time since last request: 2674.380297 seconds.
  path: Assets/02.Scripts/Stage/New Folder
  artifactKey: Guid(54e3e918b7ea20746a57bf3d6ec44506) Importer(815301076,1909f56bfc062723c751e8b465ee728b)
Start importing Assets/02.Scripts/Stage/New Folder using Guid(54e3e918b7ea20746a57bf3d6ec44506) Importer(815301076,1909f56bfc062723c751e8b465ee728b)  -> (artifact id: 'fe02ecd6ffde6e88934c793ddf0cc6f8') in 0.003180 seconds 
  Import took 0.005480 seconds .

========================================================================
Received Import Request.
  Time since last request: 15.492125 seconds.
  path: Assets/02.Scripts/Stage/StageManager.cs
  artifactKey: Guid(d280729295764c14b899e6add1ea1d20) Importer(815301076,1909f56bfc062723c751e8b465ee728b)
Start importing Assets/02.Scripts/Stage/StageManager.cs using Guid(d280729295764c14b899e6add1ea1d20) Importer(815301076,1909f56bfc062723c751e8b465ee728b)  -> (artifact id: 'ea7e71fba0d166ba7ed7b5107e251ecc') in 0.003235 seconds 
  Import took 0.005785 seconds .

========================================================================
Received Import Request.
  Time since last request: 67.724734 seconds.
  path: Assets/02.Scripts/Stage/StageManager.cs
  artifactKey: Guid(d280729295764c14b899e6add1ea1d20) Importer(815301076,1909f56bfc062723c751e8b465ee728b)
Start importing Assets/02.Scripts/Stage/StageManager.cs using Guid(d280729295764c14b899e6add1ea1d20) Importer(815301076,1909f56bfc062723c751e8b465ee728b)  -> (artifact id: '61e2830c8025b6c65fd20f265b73b66a') in 0.061861 seconds 
  Import took 0.080019 seconds .

========================================================================
Received Import Request.
  Time since last request: 34.234934 seconds.
  path: Assets/02.Scripts/Stage/LeveleManager.cs
  artifactKey: Guid(d280729295764c14b899e6add1ea1d20) Importer(815301076,1909f56bfc062723c751e8b465ee728b)
Start importing Assets/02.Scripts/Stage/LeveleManager.cs using Guid(d280729295764c14b899e6add1ea1d20) Importer(815301076,1909f56bfc062723c751e8b465ee728b)  -> (artifact id: '19953ac9cabf35909423a102da4f3243') in 0.002108 seconds 
  Import took 0.004348 seconds .

AssetImportWorkerClient::OnTransportError - code=2 error=End of file
