Using pre-set license
Built from '2020.3/staging' branch; Version is '2020.3.25f1 (9b9180224418) revision 10195328'; Using compiler version '192528614'; Build Type 'Release'
OS: 'Windows 10  (10.0.19044) 64bit Professional' Language: 'ko' Physical Memory: 16265 MB
BatchMode: 1, IsHumanControllingUs: 0, StartBugReporterOnCrash: 0, Is64bit: 1, IsPro: 0

COMMAND LINE ARGUMENTS:
C:\Program Files\Unity\Hub\Editor\2020.3.25f1\Editor\Unity.exe
-adb2
-batchMode
-noUpm
-name
AssetImportWorker0
-projectPath
C:/Users/User/Documents/GitHub/UnityLessonBasic_Nowon_Sat/Platform2D
-logFile
Logs/AssetImportWorker0.log
-srvPort
50142
Successfully changed project path to: C:/Users/User/Documents/GitHub/UnityLessonBasic_Nowon_Sat/Platform2D
C:/Users/User/Documents/GitHub/UnityLessonBasic_Nowon_Sat/Platform2D
Using Asset Import Pipeline V2.
Refreshing native plugins compatible for Editor in 31.30 ms, found 3 plugins.
Preloading 0 native plugins for Editor in 0.00 ms.
Initialize engine version: 2020.3.25f1 (9b9180224418)
[Subsystems] Discovering subsystems at path C:/Program Files/Unity/Hub/Editor/2020.3.25f1/Editor/Data/Resources/UnitySubsystems
[Subsystems] Discovering subsystems at path C:/Users/User/Documents/GitHub/UnityLessonBasic_Nowon_Sat/Platform2D/Assets
GfxDevice: creating device client; threaded=0
Direct3D:
    Version:  Direct3D 11.0 [level 11.1]
    Renderer: NVIDIA GeForce GTX 1660 SUPER (ID=0x21c4)
    Vendor:   
    VRAM:     5991 MB
    Driver:   27.21.14.5751
Initialize mono
Mono path[0] = 'C:/Program Files/Unity/Hub/Editor/2020.3.25f1/Editor/Data/Managed'
Mono path[1] = 'C:/Program Files/Unity/Hub/Editor/2020.3.25f1/Editor/Data/MonoBleedingEdge/lib/mono/unityjit'
Mono config path = 'C:/Program Files/Unity/Hub/Editor/2020.3.25f1/Editor/Data/MonoBleedingEdge/etc'
Using monoOptions --debugger-agent=transport=dt_socket,embedding=1,server=y,suspend=n,address=127.0.0.1:56720
Begin MonoManager ReloadAssembly
Registering precompiled unity dll's ...
Register platform support module: C:/Program Files/Unity/Hub/Editor/2020.3.25f1/Editor/Data/PlaybackEngines/WindowsStandaloneSupport/UnityEditor.WindowsStandalone.Extensions.dll
Registered in 0.001024 seconds.
Native extension for WindowsStandalone target not found
Refreshing native plugins compatible for Editor in 31.39 ms, found 3 plugins.
Preloading 0 native plugins for Editor in 0.00 ms.
Mono: successfully reloaded assembly
- Completed reload, in  0.369 seconds
Domain Reload Profiling:
	ReloadAssembly (369ms)
		BeginReloadAssembly (32ms)
			ExecutionOrderSort (0ms)
			DisableScriptedObjects (0ms)
			BackupInstance (0ms)
			ReleaseScriptingObjects (0ms)
			CreateAndSetChildDomain (1ms)
		EndReloadAssembly (291ms)
			LoadAssemblies (31ms)
			RebuildTransferFunctionScriptingTraits (0ms)
			SetupTypeCache (91ms)
			ReleaseScriptCaches (0ms)
			RebuildScriptCaches (19ms)
			SetupLoadedEditorAssemblies (114ms)
				LogAssemblyErrors (0ms)
				InitializePlatformSupportModulesInManaged (2ms)
				SetLoadedEditorAssemblies (0ms)
				RefreshPlugins (31ms)
				BeforeProcessingInitializeOnLoad (9ms)
				ProcessInitializeOnLoadAttributes (53ms)
				ProcessInitializeOnLoadMethodAttributes (18ms)
				AfterProcessingInitializeOnLoad (0ms)
				EditorAssembliesLoaded (0ms)
			ExecutionOrderSort2 (0ms)
			AwakeInstancesAfterBackupRestoration (0ms)
Platform modules already initialized, skipping
Registering precompiled user dll's ...
Registered in 0.002389 seconds.
Begin MonoManager ReloadAssembly
Native extension for WindowsStandalone target not found
Refreshing native plugins compatible for Editor in 31.01 ms, found 3 plugins.
Preloading 0 native plugins for Editor in 0.00 ms.
Mono: successfully reloaded assembly
- Completed reload, in  0.702 seconds
Domain Reload Profiling:
	ReloadAssembly (703ms)
		BeginReloadAssembly (85ms)
			ExecutionOrderSort (0ms)
			DisableScriptedObjects (3ms)
			BackupInstance (0ms)
			ReleaseScriptingObjects (0ms)
			CreateAndSetChildDomain (12ms)
		EndReloadAssembly (578ms)
			LoadAssemblies (56ms)
			RebuildTransferFunctionScriptingTraits (0ms)
			SetupTypeCache (185ms)
			ReleaseScriptCaches (0ms)
			RebuildScriptCaches (29ms)
			SetupLoadedEditorAssemblies (229ms)
				LogAssemblyErrors (0ms)
				InitializePlatformSupportModulesInManaged (2ms)
				SetLoadedEditorAssemblies (0ms)
				RefreshPlugins (31ms)
				BeforeProcessingInitializeOnLoad (53ms)
				ProcessInitializeOnLoadAttributes (129ms)
				ProcessInitializeOnLoadMethodAttributes (11ms)
				AfterProcessingInitializeOnLoad (3ms)
				EditorAssembliesLoaded (0ms)
			ExecutionOrderSort2 (0ms)
			AwakeInstancesAfterBackupRestoration (4ms)
Platform modules already initialized, skipping
========================================================================
Worker process is ready to serve import requests
Launched and connected shader compiler UnityShaderCompiler.exe after 0.02 seconds
Refreshing native plugins compatible for Editor in 0.37 ms, found 3 plugins.
Preloading 0 native plugins for Editor in 0.00 ms.
Unloading 2194 Unused Serialized files (Serialized files now loaded: 0)
System memory in use before: 95.8 MB.
System memory in use after: 95.9 MB.

Unloading 28 unused Assets to reduce memory usage. Loaded Objects now: 2627.
Total: 2.003300 ms (FindLiveObjects: 0.133200 ms CreateObjectMapping: 0.045600 ms MarkObjects: 1.780100 ms  DeleteObjects: 0.043900 ms)

AssetImportParameters requested are different than current active one (requested -> active):
  custom:framework-win-MediaFoundation: 216162199b28c13a410421893ffa2e32 -> 
  custom:video-decoder-ogg-theora: a1e56fd34408186e4bbccfd4996cb3dc -> 
  custom:container-muxer-webm: aa71ff27fc2769a1b78a27578f13a17b -> 
  custom:container-demuxer-webm: 4f35f7cbe854078d1ac9338744f61a02 -> 
  custom:container-demuxer-ogg: 62fdf1f143b41e24485cea50d1cbac27 -> 
  custom:video-encoder-webm-vp8: eb34c28f22e8b96e1ab97ce403110664 -> 
  custom:video-decoder-webm-vp8: 9c59270c3fd7afecdb556c50c9e8de78 -> 
  custom:audio-decoder-ogg-vorbis: bf7c407c2cedff20999df2af8eb42d56 -> 
  custom:audio-encoder-webm-vorbis: bf7c407c2cedff20999df2af8eb42d56 -> 
========================================================================
Received Import Request.
  path: Assets/05.Matrerials
  artifactKey: Guid(6ac0aac03b26a194fa6d3f590a640281) Importer(815301076,1909f56bfc062723c751e8b465ee728b)
Start importing Assets/05.Matrerials using Guid(6ac0aac03b26a194fa6d3f590a640281) Importer(815301076,1909f56bfc062723c751e8b465ee728b)  -> (artifact id: '021f87ae9c8a419ddd2665960c683ace') in 0.002983 seconds 
  Import took 0.005055 seconds .

========================================================================
Received Import Request.
  Time since last request: 0.000141 seconds.
  path: Assets/Sunny Land Forest Assets
  artifactKey: Guid(a0d4f9f809cb7d24a867eb52ab4a15c8) Importer(815301076,1909f56bfc062723c751e8b465ee728b)
Start importing Assets/Sunny Land Forest Assets using Guid(a0d4f9f809cb7d24a867eb52ab4a15c8) Importer(815301076,1909f56bfc062723c751e8b465ee728b)  -> (artifact id: '49c65fe1c5c1642c5b1467e1f0dd5e94') in 0.000710 seconds 
  Import took 0.002562 seconds .

========================================================================
Received Import Request.
  Time since last request: 0.000136 seconds.
  path: Assets/07.Animations
  artifactKey: Guid(cfb7d8a089c3f724f9c288cb75e92523) Importer(815301076,1909f56bfc062723c751e8b465ee728b)
Start importing Assets/07.Animations using Guid(cfb7d8a089c3f724f9c288cb75e92523) Importer(815301076,1909f56bfc062723c751e8b465ee728b)  -> (artifact id: 'ec343e0f77f063260083dbccf1e876c0') in 0.000825 seconds 
  Import took 0.002818 seconds .

========================================================================
Received Import Request.
  Time since last request: 0.000121 seconds.
  path: Assets/SimplePixelUI
  artifactKey: Guid(9cf520c577ff80a4584c7687f679519e) Importer(815301076,1909f56bfc062723c751e8b465ee728b)
Start importing Assets/SimplePixelUI using Guid(9cf520c577ff80a4584c7687f679519e) Importer(815301076,1909f56bfc062723c751e8b465ee728b)  -> (artifact id: '18a407a5060cf4fe0d0de8c9f4d1da50') in 0.000907 seconds 
  Import took 0.003120 seconds .

========================================================================
Received Import Request.
  Time since last request: 0.103497 seconds.
  path: Assets/04.Sprites
  artifactKey: Guid(2001d1184e9bd7647ae950dc424f5e09) Importer(815301076,1909f56bfc062723c751e8b465ee728b)
Start importing Assets/04.Sprites using Guid(2001d1184e9bd7647ae950dc424f5e09) Importer(815301076,1909f56bfc062723c751e8b465ee728b)  -> (artifact id: '1100e4909c45c88756a5c09dc8431157') in 0.001048 seconds 
  Import took 0.003553 seconds .

========================================================================
Received Import Request.
  Time since last request: 3.204938 seconds.
  path: Assets/07.Animations/Attack.anim
  artifactKey: Guid(f1faeac7b80b4aa4d9a5ef7f951371a0) Importer(815301076,1909f56bfc062723c751e8b465ee728b)
Start importing Assets/07.Animations/Attack.anim using Guid(f1faeac7b80b4aa4d9a5ef7f951371a0) Importer(815301076,1909f56bfc062723c751e8b465ee728b)  -> (artifact id: 'd8b0ddb0f2ca89d6807181216b662d73') in 0.016708 seconds 
  Import took 0.019377 seconds .

AssetImportWorkerClient::OnTransportError - code=2 error=End of file
