Using pre-set license
Built from '2020.3/staging' branch; Version is '2020.3.25f1 (9b9180224418) revision 10195328'; Using compiler version '192528614'; Build Type 'Release'
OS: 'Windows 10  (10.0.19044) 64bit Professional' Language: 'ko' Physical Memory: 16265 MB
BatchMode: 1, IsHumanControllingUs: 0, StartBugReporterOnCrash: 0, Is64bit: 1, IsPro: 0

COMMAND LINE ARGUMENTS:
C:\Program Files\Unity\Hub\Editor\2020.3.25f1\Editor\Unity.exe
-adb2
-batchMode
-noUpm
-name
AssetImportWorker0
-projectPath
C:/Users/User/Documents/GitHub/UnityLessonBasic_Nowon_Sat/RPG
-logFile
Logs/AssetImportWorker0.log
-srvPort
64978
Successfully changed project path to: C:/Users/User/Documents/GitHub/UnityLessonBasic_Nowon_Sat/RPG
C:/Users/User/Documents/GitHub/UnityLessonBasic_Nowon_Sat/RPG
Using Asset Import Pipeline V2.
Refreshing native plugins compatible for Editor in 25.76 ms, found 2 plugins.
Preloading 0 native plugins for Editor in 0.00 ms.
Initialize engine version: 2020.3.25f1 (9b9180224418)
[Subsystems] Discovering subsystems at path C:/Program Files/Unity/Hub/Editor/2020.3.25f1/Editor/Data/Resources/UnitySubsystems
[Subsystems] Discovering subsystems at path C:/Users/User/Documents/GitHub/UnityLessonBasic_Nowon_Sat/RPG/Assets
GfxDevice: creating device client; threaded=0
Direct3D:
    Version:  Direct3D 11.0 [level 11.1]
    Renderer: NVIDIA GeForce GTX 1660 SUPER (ID=0x21c4)
    Vendor:   
    VRAM:     5991 MB
    Driver:   27.21.14.5751
Initialize mono
Mono path[0] = 'C:/Program Files/Unity/Hub/Editor/2020.3.25f1/Editor/Data/Managed'
Mono path[1] = 'C:/Program Files/Unity/Hub/Editor/2020.3.25f1/Editor/Data/MonoBleedingEdge/lib/mono/unityjit'
Mono config path = 'C:/Program Files/Unity/Hub/Editor/2020.3.25f1/Editor/Data/MonoBleedingEdge/etc'
Using monoOptions --debugger-agent=transport=dt_socket,embedding=1,server=y,suspend=n,address=127.0.0.1:56168
Begin MonoManager ReloadAssembly
Registering precompiled unity dll's ...
Register platform support module: C:/Program Files/Unity/Hub/Editor/2020.3.25f1/Editor/Data/PlaybackEngines/WindowsStandaloneSupport/UnityEditor.WindowsStandalone.Extensions.dll
Registered in 0.001894 seconds.
Native extension for WindowsStandalone target not found
Refreshing native plugins compatible for Editor in 19.49 ms, found 2 plugins.
Preloading 0 native plugins for Editor in 0.00 ms.
Mono: successfully reloaded assembly
- Completed reload, in  0.364 seconds
Domain Reload Profiling:
	ReloadAssembly (364ms)
		BeginReloadAssembly (40ms)
			ExecutionOrderSort (0ms)
			DisableScriptedObjects (0ms)
			BackupInstance (0ms)
			ReleaseScriptingObjects (0ms)
			CreateAndSetChildDomain (1ms)
		EndReloadAssembly (275ms)
			LoadAssemblies (39ms)
			RebuildTransferFunctionScriptingTraits (0ms)
			SetupTypeCache (88ms)
			ReleaseScriptCaches (0ms)
			RebuildScriptCaches (18ms)
			SetupLoadedEditorAssemblies (100ms)
				LogAssemblyErrors (0ms)
				InitializePlatformSupportModulesInManaged (2ms)
				SetLoadedEditorAssemblies (0ms)
				RefreshPlugins (20ms)
				BeforeProcessingInitializeOnLoad (9ms)
				ProcessInitializeOnLoadAttributes (51ms)
				ProcessInitializeOnLoadMethodAttributes (17ms)
				AfterProcessingInitializeOnLoad (0ms)
				EditorAssembliesLoaded (0ms)
			ExecutionOrderSort2 (0ms)
			AwakeInstancesAfterBackupRestoration (0ms)
Platform modules already initialized, skipping
Registering precompiled user dll's ...
Registered in 0.004495 seconds.
Begin MonoManager ReloadAssembly
Native extension for WindowsStandalone target not found
Refreshing native plugins compatible for Editor in 0.23 ms, found 2 plugins.
Preloading 0 native plugins for Editor in 0.00 ms.
Mono: successfully reloaded assembly
- Completed reload, in  0.628 seconds
Domain Reload Profiling:
	ReloadAssembly (629ms)
		BeginReloadAssembly (92ms)
			ExecutionOrderSort (0ms)
			DisableScriptedObjects (3ms)
			BackupInstance (0ms)
			ReleaseScriptingObjects (0ms)
			CreateAndSetChildDomain (12ms)
		EndReloadAssembly (496ms)
			LoadAssemblies (61ms)
			RebuildTransferFunctionScriptingTraits (0ms)
			SetupTypeCache (165ms)
			ReleaseScriptCaches (0ms)
			RebuildScriptCaches (23ms)
			SetupLoadedEditorAssemblies (198ms)
				LogAssemblyErrors (0ms)
				InitializePlatformSupportModulesInManaged (3ms)
				SetLoadedEditorAssemblies (0ms)
				RefreshPlugins (0ms)
				BeforeProcessingInitializeOnLoad (53ms)
				ProcessInitializeOnLoadAttributes (129ms)
				ProcessInitializeOnLoadMethodAttributes (6ms)
				AfterProcessingInitializeOnLoad (6ms)
				EditorAssembliesLoaded (0ms)
			ExecutionOrderSort2 (0ms)
			AwakeInstancesAfterBackupRestoration (4ms)
Platform modules already initialized, skipping
========================================================================
Worker process is ready to serve import requests
Launched and connected shader compiler UnityShaderCompiler.exe after 0.03 seconds
Refreshing native plugins compatible for Editor in 0.23 ms, found 2 plugins.
Preloading 0 native plugins for Editor in 0.00 ms.
Unloading 1500 Unused Serialized files (Serialized files now loaded: 0)
System memory in use before: 67.4 MB.
System memory in use after: 67.5 MB.

Unloading 19 unused Assets to reduce memory usage. Loaded Objects now: 1932.
Total: 1.835300 ms (FindLiveObjects: 0.099200 ms CreateObjectMapping: 0.029100 ms MarkObjects: 1.667100 ms  DeleteObjects: 0.039200 ms)

AssetImportParameters requested are different than current active one (requested -> active):
  custom:framework-win-MediaFoundation: 216162199b28c13a410421893ffa2e32 -> 
  custom:video-decoder-ogg-theora: a1e56fd34408186e4bbccfd4996cb3dc -> 
  custom:container-muxer-webm: aa71ff27fc2769a1b78a27578f13a17b -> 
  custom:container-demuxer-webm: 4f35f7cbe854078d1ac9338744f61a02 -> 
  custom:container-demuxer-ogg: 62fdf1f143b41e24485cea50d1cbac27 -> 
  custom:video-encoder-webm-vp8: eb34c28f22e8b96e1ab97ce403110664 -> 
  custom:video-decoder-webm-vp8: 9c59270c3fd7afecdb556c50c9e8de78 -> 
  custom:audio-decoder-ogg-vorbis: bf7c407c2cedff20999df2af8eb42d56 -> 
  custom:audio-encoder-webm-vorbis: bf7c407c2cedff20999df2af8eb42d56 -> 
========================================================================
Received Import Request.
  path: Assets
  artifactKey: Guid(00000000000000001000000000000000) Importer(815301076,1909f56bfc062723c751e8b465ee728b)
Start importing Assets using Guid(00000000000000001000000000000000) Importer(815301076,1909f56bfc062723c751e8b465ee728b)  -> (artifact id: '42d402b061de3733987d63b9cc3b64de') in 0.003262 seconds 
  Import took 0.004667 seconds .

========================================================================
Received Import Request.
  Time since last request: 5.139057 seconds.
  path: Assets/02.Scripts
  artifactKey: Guid(76b2fe03b94a8e24a9348fb1581ba0e1) Importer(815301076,1909f56bfc062723c751e8b465ee728b)
Start importing Assets/02.Scripts using Guid(76b2fe03b94a8e24a9348fb1581ba0e1) Importer(815301076,1909f56bfc062723c751e8b465ee728b)  -> (artifact id: '3be3db9d62c4caf2e7c34fcde221bf92') in 0.001903 seconds 
  Import took 0.003685 seconds .

========================================================================
Received Import Request.
  Time since last request: 5.814271 seconds.
  path: Assets/03.Prefabs
  artifactKey: Guid(eb75f79658a5b2348bf36e90ec688790) Importer(815301076,1909f56bfc062723c751e8b465ee728b)
Start importing Assets/03.Prefabs using Guid(eb75f79658a5b2348bf36e90ec688790) Importer(815301076,1909f56bfc062723c751e8b465ee728b)  -> (artifact id: '064d59511972595637c27dce13113849') in 0.001983 seconds 
  Import took 0.003829 seconds .

========================================================================
Received Import Request.
  Time since last request: 6.218779 seconds.
  path: Assets/04.Materials
  artifactKey: Guid(bcac7c5f172b8ff41b1aac131b200f0f) Importer(815301076,1909f56bfc062723c751e8b465ee728b)
Start importing Assets/04.Materials using Guid(bcac7c5f172b8ff41b1aac131b200f0f) Importer(815301076,1909f56bfc062723c751e8b465ee728b)  -> (artifact id: 'e95e92d235a19d234eed0d0a61708826') in 0.002118 seconds 
  Import took 0.004078 seconds .

========================================================================
Received Import Request.
  Time since last request: 14.523511 seconds.
  path: Assets/05.Textures
  artifactKey: Guid(02fc6d0a3e9bbd647962f9911605f57f) Importer(815301076,1909f56bfc062723c751e8b465ee728b)
Start importing Assets/05.Textures using Guid(02fc6d0a3e9bbd647962f9911605f57f) Importer(815301076,1909f56bfc062723c751e8b465ee728b)  -> (artifact id: '48905144aefa601bc4bcd28ed9f85a3e') in 0.002042 seconds 
  Import took 0.003859 seconds .

========================================================================
Received Import Request.
  Time since last request: 8.388264 seconds.
  path: Assets/06.Models
  artifactKey: Guid(8e46ee6ec95f6ad4789ef3fb6c543253) Importer(815301076,1909f56bfc062723c751e8b465ee728b)
Start importing Assets/06.Models using Guid(8e46ee6ec95f6ad4789ef3fb6c543253) Importer(815301076,1909f56bfc062723c751e8b465ee728b)  -> (artifact id: 'f72186697494255fbb512a2a26d8e5f2') in 0.002064 seconds 
  Import took 0.003829 seconds .

========================================================================
Received Import Request.
  Time since last request: 8.205031 seconds.
  path: Assets/New Folder
  artifactKey: Guid(657eb377c4e126547875fc4511effd67) Importer(815301076,1909f56bfc062723c751e8b465ee728b)
Start importing Assets/New Folder using Guid(657eb377c4e126547875fc4511effd67) Importer(815301076,1909f56bfc062723c751e8b465ee728b)  -> (artifact id: 'e06aa965e987168c5baa943459295d20') in 0.002021 seconds 
  Import took 0.003835 seconds .

========================================================================
Received Import Request.
  Time since last request: 1091.366748 seconds.
  path: Assets/06.Models/Sword and Shield Pack/xbot.fbx
  artifactKey: Guid(b28ca36d8d4c069429edab121d59db22) Importer(815301076,1909f56bfc062723c751e8b465ee728b)
Start importing Assets/06.Models/Sword and Shield Pack/xbot.fbx using Guid(b28ca36d8d4c069429edab121d59db22) Importer(815301076,1909f56bfc062723c751e8b465ee728b)  -> (artifact id: 'c8bc6659615e496acaac03d849ad38f0') in 0.281866 seconds 
  Import took 0.283990 seconds .

========================================================================
Received Import Request.
  Time since last request: 806.493507 seconds.
  path: Assets/04.Materials/NewLayer.terrainlayer
  artifactKey: Guid(04f217ff1a8a33e4097565dcef21b2de) Importer(815301076,1909f56bfc062723c751e8b465ee728b)
Start importing Assets/04.Materials/NewLayer.terrainlayer using Guid(04f217ff1a8a33e4097565dcef21b2de) Importer(815301076,1909f56bfc062723c751e8b465ee728b)  -> (artifact id: '6f1495ff7263b0478f55ec7781f3ef3c') in 0.010174 seconds 
  Import took 0.012289 seconds .

========================================================================
Received Import Request.
  Time since last request: 76.496030 seconds.
  path: Assets/05.Textures/b719c21a2b17f9a69ed45fba6b267a70.jpg
  artifactKey: Guid(27f93dc35967c5e44b3566d68126db6b) Importer(815301076,1909f56bfc062723c751e8b465ee728b)
Start importing Assets/05.Textures/b719c21a2b17f9a69ed45fba6b267a70.jpg using Guid(27f93dc35967c5e44b3566d68126db6b) Importer(815301076,1909f56bfc062723c751e8b465ee728b)  -> (artifact id: '8e3969c0dda3d3e4d6f21db8e7c3d56f') in 0.020452 seconds 
  Import took 0.022365 seconds .

========================================================================
Received Import Request.
  Time since last request: 48.805525 seconds.
  path: Assets/05.Textures/b719c21a2b17f9a69ed45fba6b267a70 1.jpg
  artifactKey: Guid(4a4baf9a91352bb4e9c9ced29dc94e59) Importer(815301076,1909f56bfc062723c751e8b465ee728b)
Start importing Assets/05.Textures/b719c21a2b17f9a69ed45fba6b267a70 1.jpg using Guid(4a4baf9a91352bb4e9c9ced29dc94e59) Importer(815301076,1909f56bfc062723c751e8b465ee728b)  -> (artifact id: '586a7573813006e22544717158200d66') in 0.006578 seconds 
  Import took 0.008700 seconds .

========================================================================
Received Import Request.
  Time since last request: 957.955169 seconds.
  path: Assets/06.Models/xbot.prefab
  artifactKey: Guid(c5fd422cec1de9f4aa2bf81f1432693b) Importer(815301076,1909f56bfc062723c751e8b465ee728b)
Start importing Assets/06.Models/xbot.prefab using Guid(c5fd422cec1de9f4aa2bf81f1432693b) Importer(815301076,1909f56bfc062723c751e8b465ee728b)  -> (artifact id: 'd853a16c3bc4e2bc1489df5fd68d5e25') in 0.041551 seconds 
  Import took 0.043482 seconds .

========================================================================
Received Import Request.
  Time since last request: 158.481637 seconds.
  path: Assets/06.Models/Soccer Game Pack/Ch36_nonPBR.fbx
  artifactKey: Guid(f9611b25e07bc784aa285a778ee10d2b) Importer(815301076,1909f56bfc062723c751e8b465ee728b)
Start importing Assets/06.Models/Soccer Game Pack/Ch36_nonPBR.fbx using Guid(f9611b25e07bc784aa285a778ee10d2b) Importer(815301076,1909f56bfc062723c751e8b465ee728b)  -> (artifact id: '817cc925623883ed2dc661ee0cf9c088') in 0.147231 seconds 
  Import took 0.149086 seconds .

========================================================================
Received Import Request.
  Time since last request: 0.464001 seconds.
  path: Assets/06.Models/Soccer Game Pack/fallen idle.fbx
  artifactKey: Guid(c79fe5784335c274589e9219a2cece9a) Importer(815301076,1909f56bfc062723c751e8b465ee728b)
Start importing Assets/06.Models/Soccer Game Pack/fallen idle.fbx using Guid(c79fe5784335c274589e9219a2cece9a) Importer(815301076,1909f56bfc062723c751e8b465ee728b)  -> (artifact id: 'c9a97fcc6c6331679b9e3af5b483c1bd') in 0.005294 seconds 
  Import took 0.007203 seconds .

========================================================================
Received Import Request.
  Time since last request: 61.291358 seconds.
  path: ProjectSettings/TagManager.asset
  artifactKey: Guid(00000000000000003000000000000000) Importer(815301076,1909f56bfc062723c751e8b465ee728b)
Start importing ProjectSettings/TagManager.asset using Guid(00000000000000003000000000000000) Importer(815301076,1909f56bfc062723c751e8b465ee728b)  -> (artifact id: 'ce6a35c3cddc746e7501c0bd0ed6d4ce') in 0.003265 seconds 
  Import took 0.005070 seconds .

========================================================================
Received Import Request.
  Time since last request: 155.600891 seconds.
  path: Assets/06.Models/Sword and Shield Pack
  artifactKey: Guid(63772f033fe9afd4f9effd0e5208e696) Importer(815301076,1909f56bfc062723c751e8b465ee728b)
Start importing Assets/06.Models/Sword and Shield Pack using Guid(63772f033fe9afd4f9effd0e5208e696) Importer(815301076,1909f56bfc062723c751e8b465ee728b)  -> (artifact id: '61a861f197737a34f6c4ab72cb5578b8') in 0.002902 seconds 
  Import took 0.005517 seconds .

========================================================================
Received Import Request.
  Time since last request: 5.638296 seconds.
  path: Assets/06.Models/Sword and Shield Pack/sword and shield turn (2).fbx
  artifactKey: Guid(74e97edbf4dbf9944842edad24e600b1) Importer(815301076,1909f56bfc062723c751e8b465ee728b)
Start importing Assets/06.Models/Sword and Shield Pack/sword and shield turn (2).fbx using Guid(74e97edbf4dbf9944842edad24e600b1) Importer(815301076,1909f56bfc062723c751e8b465ee728b)  -> (artifact id: '3a0ff2f898b3b640b2e33055f0a12547') in 0.005300 seconds 
  Import took 0.007588 seconds .

========================================================================
Received Import Request.
  Time since last request: 2.082555 seconds.
  path: Assets/06.Models/Sword and Shield Pack/sword and shield strafe (2).fbx
  artifactKey: Guid(6611025f326a511489c737a0df182eba) Importer(815301076,1909f56bfc062723c751e8b465ee728b)
Start importing Assets/06.Models/Sword and Shield Pack/sword and shield strafe (2).fbx using Guid(6611025f326a511489c737a0df182eba) Importer(815301076,1909f56bfc062723c751e8b465ee728b)  -> (artifact id: '0e70d8f2ca3fb7ab89b9ca417d97b68a') in 0.006114 seconds 
  Import took 0.008224 seconds .

========================================================================
Received Import Request.
  Time since last request: 2.234946 seconds.
  path: Assets/06.Models/Sword and Shield Pack/sword and shield idle (2).fbx
  artifactKey: Guid(490c286da1897124a8c0e541c258d5c2) Importer(815301076,1909f56bfc062723c751e8b465ee728b)
Start importing Assets/06.Models/Sword and Shield Pack/sword and shield idle (2).fbx using Guid(490c286da1897124a8c0e541c258d5c2) Importer(815301076,1909f56bfc062723c751e8b465ee728b)  -> (artifact id: '6b05d41b04bf8f4542a2f75699e1e432') in 0.005476 seconds 
  Import took 0.007508 seconds .

========================================================================
Received Import Request.
  Time since last request: 33.274605 seconds.
  path: Assets/06.Models/Sword and Shield Pack/sheath sword 1.fbx
  artifactKey: Guid(a88c5101bc1e50a44a660a9f265d8137) Importer(815301076,1909f56bfc062723c751e8b465ee728b)
Start importing Assets/06.Models/Sword and Shield Pack/sheath sword 1.fbx using Guid(a88c5101bc1e50a44a660a9f265d8137) Importer(815301076,1909f56bfc062723c751e8b465ee728b)  -> (artifact id: '14824e45d2179e512a0a700f4707c997') in 0.005543 seconds 
  Import took 0.007562 seconds .

========================================================================
Received Import Request.
  Time since last request: 0.000227 seconds.
  path: Assets/06.Models/Sword and Shield Pack/sword and shield death.fbx
  artifactKey: Guid(10dfdf0888dbc2f468b0067b3314ae1d) Importer(815301076,1909f56bfc062723c751e8b465ee728b)
Start importing Assets/06.Models/Sword and Shield Pack/sword and shield death.fbx using Guid(10dfdf0888dbc2f468b0067b3314ae1d) Importer(815301076,1909f56bfc062723c751e8b465ee728b)  -> (artifact id: '2d2640ae793eac52cfcf3f8a53e38279') in 0.005163 seconds 
  Import took 0.007085 seconds .

========================================================================
Received Import Request.
  Time since last request: 0.000432 seconds.
  path: Assets/06.Models/Sword and Shield Pack/sword and shield death (2).fbx
  artifactKey: Guid(3aaedd4e6fa65114394c9fee6e295890) Importer(815301076,1909f56bfc062723c751e8b465ee728b)
Start importing Assets/06.Models/Sword and Shield Pack/sword and shield death (2).fbx using Guid(3aaedd4e6fa65114394c9fee6e295890) Importer(815301076,1909f56bfc062723c751e8b465ee728b)  -> (artifact id: '9bdff1d87a46155b7aec00709cd9bec9') in 0.005638 seconds 
  Import took 0.007951 seconds .

========================================================================
Received Import Request.
  Time since last request: 0.000281 seconds.
  path: Assets/06.Models/Sword and Shield Pack/sword and shield casting.fbx
  artifactKey: Guid(8a545c6e179b82849b49023d53b36068) Importer(815301076,1909f56bfc062723c751e8b465ee728b)
Start importing Assets/06.Models/Sword and Shield Pack/sword and shield casting.fbx using Guid(8a545c6e179b82849b49023d53b36068) Importer(815301076,1909f56bfc062723c751e8b465ee728b)  -> (artifact id: '344687807cf41b4902dd750472b4283b') in 0.005845 seconds 
  Import took 0.007940 seconds .

========================================================================
Received Import Request.
  Time since last request: 0.000283 seconds.
  path: Assets/06.Models/Sword and Shield Pack/sword and shield idle (3).fbx
  artifactKey: Guid(474bde35a64b4ea4d860e1c9eb23289d) Importer(815301076,1909f56bfc062723c751e8b465ee728b)
Start importing Assets/06.Models/Sword and Shield Pack/sword and shield idle (3).fbx using Guid(474bde35a64b4ea4d860e1c9eb23289d) Importer(815301076,1909f56bfc062723c751e8b465ee728b)  -> (artifact id: 'e7aeb12e8c7c7e107db88b30d4d7f2c0') in 0.005550 seconds 
  Import took 0.007654 seconds .

========================================================================
Received Import Request.
  Time since last request: 0.000294 seconds.
  path: Assets/06.Models/Sword and Shield Pack/sword and shield impact (2).fbx
  artifactKey: Guid(1b43e5f4c5f91a543b9493a67e74a318) Importer(815301076,1909f56bfc062723c751e8b465ee728b)
Start importing Assets/06.Models/Sword and Shield Pack/sword and shield impact (2).fbx using Guid(1b43e5f4c5f91a543b9493a67e74a318) Importer(815301076,1909f56bfc062723c751e8b465ee728b)  -> (artifact id: '0616eddf532540327d00bd030e41236d') in 0.006483 seconds 
  Import took 0.008466 seconds .

========================================================================
Received Import Request.
  Time since last request: 0.000251 seconds.
  path: Assets/06.Models/Sword and Shield Pack/sword and shield block idle.fbx
  artifactKey: Guid(594bc958a56545d40b5faa57ae12273c) Importer(815301076,1909f56bfc062723c751e8b465ee728b)
Start importing Assets/06.Models/Sword and Shield Pack/sword and shield block idle.fbx using Guid(594bc958a56545d40b5faa57ae12273c) Importer(815301076,1909f56bfc062723c751e8b465ee728b)  -> (artifact id: '22c9604c96f3238fbfdc0ff0f9c46319') in 0.005904 seconds 
  Import took 0.007922 seconds .

========================================================================
Received Import Request.
  Time since last request: 0.000290 seconds.
  path: Assets/06.Models/Sword and Shield Pack/sword and shield turn.fbx
  artifactKey: Guid(4af364bc0930dbc49837d37125f8d6e6) Importer(815301076,1909f56bfc062723c751e8b465ee728b)
Start importing Assets/06.Models/Sword and Shield Pack/sword and shield turn.fbx using Guid(4af364bc0930dbc49837d37125f8d6e6) Importer(815301076,1909f56bfc062723c751e8b465ee728b)  -> (artifact id: '31d3c545d151e897dd8c621927aedd45') in 0.005340 seconds 
  Import took 0.007646 seconds .

========================================================================
Received Import Request.
  Time since last request: 0.000248 seconds.
  path: Assets/06.Models/Sword and Shield Pack/sword and shield crouch idle.fbx
  artifactKey: Guid(e9ad4b3e9085da743a1fb9af348aa270) Importer(815301076,1909f56bfc062723c751e8b465ee728b)
Start importing Assets/06.Models/Sword and Shield Pack/sword and shield crouch idle.fbx using Guid(e9ad4b3e9085da743a1fb9af348aa270) Importer(815301076,1909f56bfc062723c751e8b465ee728b)  -> (artifact id: '7d641c88dd3a61c1387a729b55eb2fce') in 0.006568 seconds 
  Import took 0.008402 seconds .

========================================================================
Received Import Request.
  Time since last request: 0.000264 seconds.
  path: Assets/06.Models/Sword and Shield Pack/sword and shield slash (2).fbx
  artifactKey: Guid(e59710d035ab19c409a8b4afbc51bd8e) Importer(815301076,1909f56bfc062723c751e8b465ee728b)
Start importing Assets/06.Models/Sword and Shield Pack/sword and shield slash (2).fbx using Guid(e59710d035ab19c409a8b4afbc51bd8e) Importer(815301076,1909f56bfc062723c751e8b465ee728b)  -> (artifact id: '03a7833ea48b23927ac107702a8f097c') in 0.006308 seconds 
  Import took 0.008434 seconds .

========================================================================
Received Import Request.
  Time since last request: 0.000337 seconds.
  path: Assets/06.Models/Sword and Shield Pack/sword and shield walk.fbx
  artifactKey: Guid(4c3a01d2e1778624a9523dadb0546279) Importer(815301076,1909f56bfc062723c751e8b465ee728b)
Start importing Assets/06.Models/Sword and Shield Pack/sword and shield walk.fbx using Guid(4c3a01d2e1778624a9523dadb0546279) Importer(815301076,1909f56bfc062723c751e8b465ee728b)  -> (artifact id: '7e46d51bd38053abdd4ae03b468ba382') in 0.005244 seconds 
  Import took 0.007223 seconds .

========================================================================
Received Import Request.
  Time since last request: 0.000256 seconds.
  path: Assets/06.Models/Sword and Shield Pack/sword and shield crouch block idle.fbx
  artifactKey: Guid(2570f30c6ae5d9b42938c25fdb66c075) Importer(815301076,1909f56bfc062723c751e8b465ee728b)
Start importing Assets/06.Models/Sword and Shield Pack/sword and shield crouch block idle.fbx using Guid(2570f30c6ae5d9b42938c25fdb66c075) Importer(815301076,1909f56bfc062723c751e8b465ee728b)  -> (artifact id: 'c1279446ceb6b195dee46ca354012b29') in 0.004928 seconds 
  Import took 0.006677 seconds .

========================================================================
Received Import Request.
  Time since last request: 0.000234 seconds.
  path: Assets/06.Models/Sword and Shield Pack/sheath sword 2.fbx
  artifactKey: Guid(05b2a4b1503ebce45b8206e415aeb898) Importer(815301076,1909f56bfc062723c751e8b465ee728b)
Start importing Assets/06.Models/Sword and Shield Pack/sheath sword 2.fbx using Guid(05b2a4b1503ebce45b8206e415aeb898) Importer(815301076,1909f56bfc062723c751e8b465ee728b)  -> (artifact id: 'd2de8a71e8b77916afc29482bc4bdbc1') in 0.006198 seconds 
  Import took 0.007960 seconds .

========================================================================
Received Import Request.
  Time since last request: 0.000255 seconds.
  path: Assets/06.Models/Sword and Shield Pack/sword and shield jump (2).fbx
  artifactKey: Guid(1223178032c6ef44c8f8204b36e62b8b) Importer(815301076,1909f56bfc062723c751e8b465ee728b)
Start importing Assets/06.Models/Sword and Shield Pack/sword and shield jump (2).fbx using Guid(1223178032c6ef44c8f8204b36e62b8b) Importer(815301076,1909f56bfc062723c751e8b465ee728b)  -> (artifact id: '0e29aca9da61cd3af615522ce3288c37') in 0.005135 seconds 
  Import took 0.006906 seconds .

========================================================================
Received Import Request.
  Time since last request: 0.000268 seconds.
  path: Assets/06.Models/Sword and Shield Pack/sword and shield crouching (2).fbx
  artifactKey: Guid(93ad7dd951a0d5e478a8d891ccfc686a) Importer(815301076,1909f56bfc062723c751e8b465ee728b)
Start importing Assets/06.Models/Sword and Shield Pack/sword and shield crouching (2).fbx using Guid(93ad7dd951a0d5e478a8d891ccfc686a) Importer(815301076,1909f56bfc062723c751e8b465ee728b)  -> (artifact id: '2f94db12373450c91e9b9274ebcb5c17') in 0.005816 seconds 
  Import took 0.007862 seconds .

========================================================================
Received Import Request.
  Time since last request: 0.000308 seconds.
  path: Assets/06.Models/Sword and Shield Pack/sword and shield crouch block.fbx
  artifactKey: Guid(868481d755d9a7e44b575f1b9dfffddc) Importer(815301076,1909f56bfc062723c751e8b465ee728b)
Start importing Assets/06.Models/Sword and Shield Pack/sword and shield crouch block.fbx using Guid(868481d755d9a7e44b575f1b9dfffddc) Importer(815301076,1909f56bfc062723c751e8b465ee728b)  -> (artifact id: '699dc824fd1f677f3c6cebc394dad6e3') in 0.006291 seconds 
  Import took 0.008712 seconds .

========================================================================
Received Import Request.
  Time since last request: 0.000311 seconds.
  path: Assets/06.Models/Sword and Shield Pack/sword and shield attack.fbx
  artifactKey: Guid(08f15f136303d4d49969d85d3d5b9e16) Importer(815301076,1909f56bfc062723c751e8b465ee728b)
Start importing Assets/06.Models/Sword and Shield Pack/sword and shield attack.fbx using Guid(08f15f136303d4d49969d85d3d5b9e16) Importer(815301076,1909f56bfc062723c751e8b465ee728b)  -> (artifact id: 'f0b154bdcd46a2693b8f30c82bbc905d') in 0.006967 seconds 
  Import took 0.008941 seconds .

========================================================================
Received Import Request.
  Time since last request: 0.000254 seconds.
  path: Assets/06.Models/Sword and Shield Pack/sword and shield idle.fbx
  artifactKey: Guid(05b270daff8a0964c9e0a4341858e6ce) Importer(815301076,1909f56bfc062723c751e8b465ee728b)
Start importing Assets/06.Models/Sword and Shield Pack/sword and shield idle.fbx using Guid(05b270daff8a0964c9e0a4341858e6ce) Importer(815301076,1909f56bfc062723c751e8b465ee728b)  -> (artifact id: 'b99dace21cfb958c3dbfefa7340ffd18') in 0.005497 seconds 
  Import took 0.007444 seconds .

========================================================================
Received Import Request.
  Time since last request: 0.000299 seconds.
  path: Assets/06.Models/Sword and Shield Pack/sword and shield crouching (3).fbx
  artifactKey: Guid(4451b7c5f1d27934da54bec24d809962) Importer(815301076,1909f56bfc062723c751e8b465ee728b)
Start importing Assets/06.Models/Sword and Shield Pack/sword and shield crouching (3).fbx using Guid(4451b7c5f1d27934da54bec24d809962) Importer(815301076,1909f56bfc062723c751e8b465ee728b)  -> (artifact id: '74a256bfd18627ff963f1237da922177') in 0.005494 seconds 
  Import took 0.007565 seconds .

========================================================================
Received Import Request.
  Time since last request: 0.000249 seconds.
  path: Assets/06.Models/Sword and Shield Pack/sword and shield slash (5).fbx
  artifactKey: Guid(090fe907adc2aca429880d41b72ecdd6) Importer(815301076,1909f56bfc062723c751e8b465ee728b)
Start importing Assets/06.Models/Sword and Shield Pack/sword and shield slash (5).fbx using Guid(090fe907adc2aca429880d41b72ecdd6) Importer(815301076,1909f56bfc062723c751e8b465ee728b)  -> (artifact id: 'ce2c2aa2ab22f9ded4979e67becf1ee2') in 0.006709 seconds 
  Import took 0.008531 seconds .

========================================================================
Received Import Request.
  Time since last request: 0.000217 seconds.
  path: Assets/06.Models/Sword and Shield Pack/sword and shield attack (2).fbx
  artifactKey: Guid(bd9c536a0dfe9784da12f6f0e5887ee4) Importer(815301076,1909f56bfc062723c751e8b465ee728b)
Start importing Assets/06.Models/Sword and Shield Pack/sword and shield attack (2).fbx using Guid(bd9c536a0dfe9784da12f6f0e5887ee4) Importer(815301076,1909f56bfc062723c751e8b465ee728b)  -> (artifact id: '7e87d276d415b012291a67b71e353a02') in 0.005315 seconds 
  Import took 0.007307 seconds .

========================================================================
Received Import Request.
  Time since last request: 0.000228 seconds.
  path: Assets/06.Models/Sword and Shield Pack/sword and shield attack (4).fbx
  artifactKey: Guid(3b6e23a0e6fc9954f89b94308780de77) Importer(815301076,1909f56bfc062723c751e8b465ee728b)
Start importing Assets/06.Models/Sword and Shield Pack/sword and shield attack (4).fbx using Guid(3b6e23a0e6fc9954f89b94308780de77) Importer(815301076,1909f56bfc062723c751e8b465ee728b)  -> (artifact id: '7a309a6143fe861c03f5431e9d444623') in 0.005242 seconds 
  Import took 0.007241 seconds .

========================================================================
Received Import Request.
  Time since last request: 0.000169 seconds.
  path: Assets/06.Models/Sword and Shield Pack/sword and shield 180 turn (2).fbx
  artifactKey: Guid(c503ccd8fcd36fa429328e7c49b7bfcb) Importer(815301076,1909f56bfc062723c751e8b465ee728b)
Start importing Assets/06.Models/Sword and Shield Pack/sword and shield 180 turn (2).fbx using Guid(c503ccd8fcd36fa429328e7c49b7bfcb) Importer(815301076,1909f56bfc062723c751e8b465ee728b)  -> (artifact id: '7b3ceb715e6a9a50a284c519cdfd3751') in 0.005677 seconds 
  Import took 0.007536 seconds .

========================================================================
Received Import Request.
  Time since last request: 0.000201 seconds.
  path: Assets/06.Models/Sword and Shield Pack/sword and shield slash (4).fbx
  artifactKey: Guid(81a9e3b06cdbe7249b76b323684a5fb8) Importer(815301076,1909f56bfc062723c751e8b465ee728b)
Start importing Assets/06.Models/Sword and Shield Pack/sword and shield slash (4).fbx using Guid(81a9e3b06cdbe7249b76b323684a5fb8) Importer(815301076,1909f56bfc062723c751e8b465ee728b)  -> (artifact id: 'f8f621edad7fbd325c002daafdd13bbc') in 0.005511 seconds 
  Import took 0.007641 seconds .

========================================================================
Received Import Request.
  Time since last request: 0.000149 seconds.
  path: Assets/06.Models/Sword and Shield Pack/sword and shield walk (2).fbx
  artifactKey: Guid(13588ec0ba9340446b8863f37a811ce8) Importer(815301076,1909f56bfc062723c751e8b465ee728b)
Start importing Assets/06.Models/Sword and Shield Pack/sword and shield walk (2).fbx using Guid(13588ec0ba9340446b8863f37a811ce8) Importer(815301076,1909f56bfc062723c751e8b465ee728b)  -> (artifact id: '646c96ef0c21f317c9ecf6df893c6e3d') in 0.005058 seconds 
  Import took 0.006946 seconds .

========================================================================
Received Import Request.
  Time since last request: 0.000134 seconds.
  path: Assets/06.Models/Sword and Shield Pack/sword and shield block (2).fbx
  artifactKey: Guid(75dc450ba65a9074ab7e6a7a8c2eeb01) Importer(815301076,1909f56bfc062723c751e8b465ee728b)
Start importing Assets/06.Models/Sword and Shield Pack/sword and shield block (2).fbx using Guid(75dc450ba65a9074ab7e6a7a8c2eeb01) Importer(815301076,1909f56bfc062723c751e8b465ee728b)  -> (artifact id: 'd5af746fbb95da8199b810398d1325f1') in 0.005409 seconds 
  Import took 0.007507 seconds .

========================================================================
Received Import Request.
  Time since last request: 0.000155 seconds.
  path: Assets/06.Models/Sword and Shield Pack/sword and shield crouching.fbx
  artifactKey: Guid(dab836edcff72ef4eb9380b6bb9c85fb) Importer(815301076,1909f56bfc062723c751e8b465ee728b)
Start importing Assets/06.Models/Sword and Shield Pack/sword and shield crouching.fbx using Guid(dab836edcff72ef4eb9380b6bb9c85fb) Importer(815301076,1909f56bfc062723c751e8b465ee728b)  -> (artifact id: '47d07bd22f9f72ea6c0d719083021f87') in 0.005215 seconds 
  Import took 0.007209 seconds .

========================================================================
Received Import Request.
  Time since last request: 0.000190 seconds.
  path: Assets/06.Models/Sword and Shield Pack/sword and shield run.fbx
  artifactKey: Guid(d8b0d298eb91890418f811cc1e1657f9) Importer(815301076,1909f56bfc062723c751e8b465ee728b)
Start importing Assets/06.Models/Sword and Shield Pack/sword and shield run.fbx using Guid(d8b0d298eb91890418f811cc1e1657f9) Importer(815301076,1909f56bfc062723c751e8b465ee728b)  -> (artifact id: 'ef7c65970612297599ea8d9e2c66f723') in 0.005175 seconds 
  Import took 0.007042 seconds .

========================================================================
Received Import Request.
  Time since last request: 0.000163 seconds.
  path: Assets/06.Models/Sword and Shield Pack/sword and shield strafe.fbx
  artifactKey: Guid(1dca74a47fb545049a1003b814198e52) Importer(815301076,1909f56bfc062723c751e8b465ee728b)
Start importing Assets/06.Models/Sword and Shield Pack/sword and shield strafe.fbx using Guid(1dca74a47fb545049a1003b814198e52) Importer(815301076,1909f56bfc062723c751e8b465ee728b)  -> (artifact id: 'a6805807521b5e7e6449901cd22b7675') in 0.005495 seconds 
  Import took 0.007437 seconds .

========================================================================
Received Import Request.
  Time since last request: 0.000167 seconds.
  path: Assets/06.Models/Sword and Shield Pack/sword and shield crouch.fbx
  artifactKey: Guid(64b64ce8d24d4364e85acb1baf88b8b4) Importer(815301076,1909f56bfc062723c751e8b465ee728b)
Start importing Assets/06.Models/Sword and Shield Pack/sword and shield crouch.fbx using Guid(64b64ce8d24d4364e85acb1baf88b8b4) Importer(815301076,1909f56bfc062723c751e8b465ee728b)  -> (artifact id: 'dcfaf52e200f3292084a18bc9d5d1b94') in 0.005569 seconds 
  Import took 0.007541 seconds .

========================================================================
Received Import Request.
  Time since last request: 0.000227 seconds.
  path: Assets/06.Models/Sword and Shield Pack/sword and shield block.fbx
  artifactKey: Guid(5815b828befdaf84c9bdd7d4725b1932) Importer(815301076,1909f56bfc062723c751e8b465ee728b)
Start importing Assets/06.Models/Sword and Shield Pack/sword and shield block.fbx using Guid(5815b828befdaf84c9bdd7d4725b1932) Importer(815301076,1909f56bfc062723c751e8b465ee728b)  -> (artifact id: '890b25247c56590837ac429ff367a27c') in 0.005035 seconds 
  Import took 0.006863 seconds .

========================================================================
Received Import Request.
  Time since last request: 0.000225 seconds.
  path: Assets/06.Models/Sword and Shield Pack/sword and shield impact.fbx
  artifactKey: Guid(7f0456f2a42c6ac41beadc66adcb88cc) Importer(815301076,1909f56bfc062723c751e8b465ee728b)
Start importing Assets/06.Models/Sword and Shield Pack/sword and shield impact.fbx using Guid(7f0456f2a42c6ac41beadc66adcb88cc) Importer(815301076,1909f56bfc062723c751e8b465ee728b)  -> (artifact id: 'db427545e3460e4e0457130dc0a33407') in 0.005733 seconds 
  Import took 0.007802 seconds .

========================================================================
Received Import Request.
  Time since last request: 0.000310 seconds.
  path: Assets/06.Models/Sword and Shield Pack/sword and shield jump.fbx
  artifactKey: Guid(df133760b1134d841a7441eb1d541c85) Importer(815301076,1909f56bfc062723c751e8b465ee728b)
Start importing Assets/06.Models/Sword and Shield Pack/sword and shield jump.fbx using Guid(df133760b1134d841a7441eb1d541c85) Importer(815301076,1909f56bfc062723c751e8b465ee728b)  -> (artifact id: '2cabd4b32d28a6d2990dd5e10b795787') in 0.005858 seconds 
  Import took 0.008093 seconds .

========================================================================
Received Import Request.
  Time since last request: 0.000298 seconds.
  path: Assets/06.Models/Sword and Shield Pack/sword and shield power up.fbx
  artifactKey: Guid(8c2bf5b770edb4b4896dce7275ac7371) Importer(815301076,1909f56bfc062723c751e8b465ee728b)
Start importing Assets/06.Models/Sword and Shield Pack/sword and shield power up.fbx using Guid(8c2bf5b770edb4b4896dce7275ac7371) Importer(815301076,1909f56bfc062723c751e8b465ee728b)  -> (artifact id: '31aa6784be96fb79445db517c1ccd9a2') in 0.005636 seconds 
  Import took 0.007726 seconds .

========================================================================
Received Import Request.
  Time since last request: 0.000356 seconds.
  path: Assets/06.Models/Sword and Shield Pack/sword and shield run (2).fbx
  artifactKey: Guid(3ad695343d75e194d9573133dfe1d6dc) Importer(815301076,1909f56bfc062723c751e8b465ee728b)
Start importing Assets/06.Models/Sword and Shield Pack/sword and shield run (2).fbx using Guid(3ad695343d75e194d9573133dfe1d6dc) Importer(815301076,1909f56bfc062723c751e8b465ee728b)  -> (artifact id: 'c6920f2ce916ecc672c8d24f9f3e2692') in 0.005330 seconds 
  Import took 0.007465 seconds .

========================================================================
Received Import Request.
  Time since last request: 0.000216 seconds.
  path: Assets/06.Models/Sword and Shield Pack/sword and shield crouch block (2).fbx
  artifactKey: Guid(886407070d18ddf4c8c368f0588c11a1) Importer(815301076,1909f56bfc062723c751e8b465ee728b)
Start importing Assets/06.Models/Sword and Shield Pack/sword and shield crouch block (2).fbx using Guid(886407070d18ddf4c8c368f0588c11a1) Importer(815301076,1909f56bfc062723c751e8b465ee728b)  -> (artifact id: 'd68fdcfcc12607292f8acce7ccf13fbd') in 0.005886 seconds 
  Import took 0.007757 seconds .

========================================================================
Received Import Request.
  Time since last request: 0.000282 seconds.
  path: Assets/06.Models/Sword and Shield Pack/sword and shield attack (3).fbx
  artifactKey: Guid(f047240df821b7b458180ac5ebd33dc0) Importer(815301076,1909f56bfc062723c751e8b465ee728b)
Start importing Assets/06.Models/Sword and Shield Pack/sword and shield attack (3).fbx using Guid(f047240df821b7b458180ac5ebd33dc0) Importer(815301076,1909f56bfc062723c751e8b465ee728b)  -> (artifact id: 'd058abf87608a97df5251cee07cb82b0') in 0.005766 seconds 
  Import took 0.007949 seconds .

========================================================================
Received Import Request.
  Time since last request: 0.000160 seconds.
  path: Assets/06.Models/Sword and Shield Pack/sword and shield slash (3).fbx
  artifactKey: Guid(47c55bfade7319947bc2b9689d8c6e90) Importer(815301076,1909f56bfc062723c751e8b465ee728b)
Start importing Assets/06.Models/Sword and Shield Pack/sword and shield slash (3).fbx using Guid(47c55bfade7319947bc2b9689d8c6e90) Importer(815301076,1909f56bfc062723c751e8b465ee728b)  -> (artifact id: '3ac432a9b8a897cce07247528194e8d3') in 0.005534 seconds 
  Import took 0.007455 seconds .

========================================================================
Received Import Request.
  Time since last request: 0.000258 seconds.
  path: Assets/06.Models/Sword and Shield Pack/sword and shield kick.fbx
  artifactKey: Guid(8fa5352affee64a4dbd4eb84789fbada) Importer(815301076,1909f56bfc062723c751e8b465ee728b)
Start importing Assets/06.Models/Sword and Shield Pack/sword and shield kick.fbx using Guid(8fa5352affee64a4dbd4eb84789fbada) Importer(815301076,1909f56bfc062723c751e8b465ee728b)  -> (artifact id: 'fb0aec5ae1af7aca231f4b01c9e7f90d') in 0.005507 seconds 
  Import took 0.007393 seconds .

========================================================================
Received Import Request.
  Time since last request: 0.000203 seconds.
  path: Assets/06.Models/Sword and Shield Pack/sword and shield casting (2).fbx
  artifactKey: Guid(4e17efe3780f01c47a36f2db8510eb98) Importer(815301076,1909f56bfc062723c751e8b465ee728b)
Start importing Assets/06.Models/Sword and Shield Pack/sword and shield casting (2).fbx using Guid(4e17efe3780f01c47a36f2db8510eb98) Importer(815301076,1909f56bfc062723c751e8b465ee728b)  -> (artifact id: '9ebba63e83f09292ea2f4efaaad57dd6') in 0.005664 seconds 
  Import took 0.007509 seconds .

========================================================================
Received Import Request.
  Time since last request: 0.000209 seconds.
  path: Assets/06.Models/Sword and Shield Pack/sword and shield strafe (3).fbx
  artifactKey: Guid(2fa9d0884a226d742bb79f6b246318fa) Importer(815301076,1909f56bfc062723c751e8b465ee728b)
Start importing Assets/06.Models/Sword and Shield Pack/sword and shield strafe (3).fbx using Guid(2fa9d0884a226d742bb79f6b246318fa) Importer(815301076,1909f56bfc062723c751e8b465ee728b)  -> (artifact id: '92be78ae770de4b855df5f3cb5e1c99d') in 0.005208 seconds 
  Import took 0.007310 seconds .

========================================================================
Received Import Request.
  Time since last request: 0.000290 seconds.
  path: Assets/06.Models/Sword and Shield Pack/sword and shield idle (4).fbx
  artifactKey: Guid(f17fc7ae87eebb042b1329b72165ded1) Importer(815301076,1909f56bfc062723c751e8b465ee728b)
Start importing Assets/06.Models/Sword and Shield Pack/sword and shield idle (4).fbx using Guid(f17fc7ae87eebb042b1329b72165ded1) Importer(815301076,1909f56bfc062723c751e8b465ee728b)  -> (artifact id: 'ef894c6c478f673cf92f459bf76a94a1') in 0.005932 seconds 
  Import took 0.008142 seconds .

========================================================================
Received Import Request.
  Time since last request: 0.000204 seconds.
  path: Assets/06.Models/Sword and Shield Pack/sword and shield impact (3).fbx
  artifactKey: Guid(ee4873b40048ebe49b881a0025a4cdce) Importer(815301076,1909f56bfc062723c751e8b465ee728b)
Start importing Assets/06.Models/Sword and Shield Pack/sword and shield impact (3).fbx using Guid(ee4873b40048ebe49b881a0025a4cdce) Importer(815301076,1909f56bfc062723c751e8b465ee728b)  -> (artifact id: '21d47084850793f0b17309a0fe235042') in 0.005593 seconds 
  Import took 0.007514 seconds .

========================================================================
Received Import Request.
  Time since last request: 0.000195 seconds.
  path: Assets/06.Models/Sword and Shield Pack/sword and shield strafe (4).fbx
  artifactKey: Guid(7e9a1c7ede2d9f64bb38b216f264c570) Importer(815301076,1909f56bfc062723c751e8b465ee728b)
Start importing Assets/06.Models/Sword and Shield Pack/sword and shield strafe (4).fbx using Guid(7e9a1c7ede2d9f64bb38b216f264c570) Importer(815301076,1909f56bfc062723c751e8b465ee728b)  -> (artifact id: '6bdb8d71981b4d77eac1e30ca891f2ab') in 0.005131 seconds 
  Import took 0.007423 seconds .

========================================================================
Received Import Request.
  Time since last request: 0.000254 seconds.
  path: Assets/06.Models/Sword and Shield Pack/sword and shield 180 turn.fbx
  artifactKey: Guid(1af80f7f52539354d8479f825372b6c2) Importer(815301076,1909f56bfc062723c751e8b465ee728b)
Start importing Assets/06.Models/Sword and Shield Pack/sword and shield 180 turn.fbx using Guid(1af80f7f52539354d8479f825372b6c2) Importer(815301076,1909f56bfc062723c751e8b465ee728b)  -> (artifact id: 'd3bc3eb5f7cbc15c04be967446b7fc15') in 0.005532 seconds 
  Import took 0.007610 seconds .

========================================================================
Received Import Request.
  Time since last request: 0.000218 seconds.
  path: Assets/06.Models/Sword and Shield Pack/sword and shield slash.fbx
  artifactKey: Guid(4fd1c9cdb7bf23c438f347ddd6f94e48) Importer(815301076,1909f56bfc062723c751e8b465ee728b)
Start importing Assets/06.Models/Sword and Shield Pack/sword and shield slash.fbx using Guid(4fd1c9cdb7bf23c438f347ddd6f94e48) Importer(815301076,1909f56bfc062723c751e8b465ee728b)  -> (artifact id: 'fad9ccc8e13e6968fae072a55473c334') in 0.006790 seconds 
  Import took 0.009007 seconds .

========================================================================
Received Import Request.
  Time since last request: 218.646379 seconds.
  path: Assets/06.Models/Sword and Shield Pack/Ch44_nonPBR.fbx
  artifactKey: Guid(c191811a0dff07b4882a05c400383c68) Importer(815301076,1909f56bfc062723c751e8b465ee728b)
Start importing Assets/06.Models/Sword and Shield Pack/Ch44_nonPBR.fbx using Guid(c191811a0dff07b4882a05c400383c68) Importer(815301076,1909f56bfc062723c751e8b465ee728b)  -> (artifact id: 'af6877c8b3c370cdc27991cf5ac05037') in 0.090069 seconds 
  Import took 0.091941 seconds .

========================================================================
Received Import Request.
  Time since last request: 24.663342 seconds.
  path: Assets/06.Models/Alien.prefab
  artifactKey: Guid(ef6bf02b6555e6943bad35b234e09281) Importer(815301076,1909f56bfc062723c751e8b465ee728b)
Start importing Assets/06.Models/Alien.prefab using Guid(ef6bf02b6555e6943bad35b234e09281) Importer(815301076,1909f56bfc062723c751e8b465ee728b)  -> (artifact id: '0eb5a9e90ce7c6bfb06d5230f84455db') in 0.011365 seconds 
  Import took 0.013894 seconds .

========================================================================
Received Import Request.
  Time since last request: 64.836424 seconds.
  path: Assets/06.Models/Alien.prefab
  artifactKey: Guid(ef6bf02b6555e6943bad35b234e09281) Importer(815301076,1909f56bfc062723c751e8b465ee728b)
Start importing Assets/06.Models/Alien.prefab using Guid(ef6bf02b6555e6943bad35b234e09281) Importer(815301076,1909f56bfc062723c751e8b465ee728b)  -> (artifact id: '14549176be0ccf1b8f60ae37ef77e811') in 0.041268 seconds 
  Import took 0.043249 seconds .

========================================================================
Received Import Request.
  Time since last request: 414.750087 seconds.
  path: Assets/02.Scripts/ModelAnimationTest.cs
  artifactKey: Guid(d40e8a2427ebc7d45b548f919032b718) Importer(815301076,1909f56bfc062723c751e8b465ee728b)
Start importing Assets/02.Scripts/ModelAnimationTest.cs using Guid(d40e8a2427ebc7d45b548f919032b718) Importer(815301076,1909f56bfc062723c751e8b465ee728b)  -> (artifact id: '03eb4ecdd737b2f370832509ebfce780') in 0.008418 seconds 
  Import took 0.010767 seconds .

========================================================================
Received Prepare
Registering precompiled user dll's ...
Registered in 0.003884 seconds.
Begin MonoManager ReloadAssembly
Native extension for WindowsStandalone target not found
Refreshing native plugins compatible for Editor in 0.38 ms, found 2 plugins.
Preloading 0 native plugins for Editor in 0.00 ms.
Mono: successfully reloaded assembly
- Completed reload, in  0.643 seconds
Domain Reload Profiling:
	ReloadAssembly (643ms)
		BeginReloadAssembly (83ms)
			ExecutionOrderSort (0ms)
			DisableScriptedObjects (2ms)
			BackupInstance (0ms)
			ReleaseScriptingObjects (0ms)
			CreateAndSetChildDomain (23ms)
		EndReloadAssembly (514ms)
			LoadAssemblies (66ms)
			RebuildTransferFunctionScriptingTraits (0ms)
			SetupTypeCache (177ms)
			ReleaseScriptCaches (1ms)
			RebuildScriptCaches (25ms)
			SetupLoadedEditorAssemblies (192ms)
				LogAssemblyErrors (0ms)
				InitializePlatformSupportModulesInManaged (4ms)
				SetLoadedEditorAssemblies (0ms)
				RefreshPlugins (0ms)
				BeforeProcessingInitializeOnLoad (51ms)
				ProcessInitializeOnLoadAttributes (124ms)
				ProcessInitializeOnLoadMethodAttributes (6ms)
				AfterProcessingInitializeOnLoad (6ms)
				EditorAssembliesLoaded (0ms)
			ExecutionOrderSort2 (0ms)
			AwakeInstancesAfterBackupRestoration (5ms)
Platform modules already initialized, skipping
Refreshing native plugins compatible for Editor in 0.26 ms, found 2 plugins.
Preloading 0 native plugins for Editor in 0.00 ms.
Unloading 1495 Unused Serialized files (Serialized files now loaded: 0)
System memory in use before: 86.4 MB.
System memory in use after: 86.5 MB.

Unloading 15 unused Assets to reduce memory usage. Loaded Objects now: 1983.
Total: 2.230900 ms (FindLiveObjects: 0.119600 ms CreateObjectMapping: 0.033500 ms MarkObjects: 2.052500 ms  DeleteObjects: 0.024400 ms)

AssetImportParameters requested are different than current active one (requested -> active):
  custom:framework-win-MediaFoundation: 216162199b28c13a410421893ffa2e32 -> 
  custom:video-decoder-ogg-theora: a1e56fd34408186e4bbccfd4996cb3dc -> 
  custom:container-muxer-webm: aa71ff27fc2769a1b78a27578f13a17b -> 
  custom:container-demuxer-webm: 4f35f7cbe854078d1ac9338744f61a02 -> 
  custom:container-demuxer-ogg: 62fdf1f143b41e24485cea50d1cbac27 -> 
  custom:video-encoder-webm-vp8: eb34c28f22e8b96e1ab97ce403110664 -> 
  custom:video-decoder-webm-vp8: 9c59270c3fd7afecdb556c50c9e8de78 -> 
  custom:audio-decoder-ogg-vorbis: bf7c407c2cedff20999df2af8eb42d56 -> 
  custom:audio-encoder-webm-vorbis: bf7c407c2cedff20999df2af8eb42d56 -> 
========================================================================
Received Import Request.
  Time since last request: 129.437452 seconds.
  path: Assets/02.Scripts/ModelAnimationTest.cs
  artifactKey: Guid(d40e8a2427ebc7d45b548f919032b718) Importer(815301076,1909f56bfc062723c751e8b465ee728b)
Start importing Assets/02.Scripts/ModelAnimationTest.cs using Guid(d40e8a2427ebc7d45b548f919032b718) Importer(815301076,1909f56bfc062723c751e8b465ee728b)  -> (artifact id: 'b8ece750ae67d2b2d4c020edceaf0091') in 0.048593 seconds 
  Import took 0.067245 seconds .

========================================================================
Received Prepare
Registering precompiled user dll's ...
Registered in 0.003398 seconds.
Begin MonoManager ReloadAssembly
Native extension for WindowsStandalone target not found
Refreshing native plugins compatible for Editor in 0.25 ms, found 2 plugins.
Preloading 0 native plugins for Editor in 0.00 ms.
Mono: successfully reloaded assembly
- Completed reload, in  0.620 seconds
Domain Reload Profiling:
	ReloadAssembly (621ms)
		BeginReloadAssembly (87ms)
			ExecutionOrderSort (0ms)
			DisableScriptedObjects (3ms)
			BackupInstance (0ms)
			ReleaseScriptingObjects (0ms)
			CreateAndSetChildDomain (22ms)
		EndReloadAssembly (490ms)
			LoadAssemblies (69ms)
			RebuildTransferFunctionScriptingTraits (0ms)
			SetupTypeCache (162ms)
			ReleaseScriptCaches (1ms)
			RebuildScriptCaches (22ms)
			SetupLoadedEditorAssemblies (188ms)
				LogAssemblyErrors (0ms)
				InitializePlatformSupportModulesInManaged (3ms)
				SetLoadedEditorAssemblies (0ms)
				RefreshPlugins (0ms)
				BeforeProcessingInitializeOnLoad (50ms)
				ProcessInitializeOnLoadAttributes (122ms)
				ProcessInitializeOnLoadMethodAttributes (6ms)
				AfterProcessingInitializeOnLoad (6ms)
				EditorAssembliesLoaded (0ms)
			ExecutionOrderSort2 (0ms)
			AwakeInstancesAfterBackupRestoration (4ms)
Platform modules already initialized, skipping
Refreshing native plugins compatible for Editor in 0.24 ms, found 2 plugins.
Preloading 0 native plugins for Editor in 0.00 ms.
Unloading 1495 Unused Serialized files (Serialized files now loaded: 0)
System memory in use before: 86.4 MB.
System memory in use after: 86.5 MB.

Unloading 14 unused Assets to reduce memory usage. Loaded Objects now: 1985.
Total: 1.732900 ms (FindLiveObjects: 0.097900 ms CreateObjectMapping: 0.027400 ms MarkObjects: 1.595400 ms  DeleteObjects: 0.011700 ms)

AssetImportParameters requested are different than current active one (requested -> active):
  custom:framework-win-MediaFoundation: 216162199b28c13a410421893ffa2e32 -> 
  custom:video-decoder-ogg-theora: a1e56fd34408186e4bbccfd4996cb3dc -> 
  custom:container-muxer-webm: aa71ff27fc2769a1b78a27578f13a17b -> 
  custom:container-demuxer-webm: 4f35f7cbe854078d1ac9338744f61a02 -> 
  custom:container-demuxer-ogg: 62fdf1f143b41e24485cea50d1cbac27 -> 
  custom:video-encoder-webm-vp8: eb34c28f22e8b96e1ab97ce403110664 -> 
  custom:video-decoder-webm-vp8: 9c59270c3fd7afecdb556c50c9e8de78 -> 
  custom:audio-decoder-ogg-vorbis: bf7c407c2cedff20999df2af8eb42d56 -> 
  custom:audio-encoder-webm-vorbis: bf7c407c2cedff20999df2af8eb42d56 -> 
========================================================================
Received Prepare
Registering precompiled user dll's ...
Registered in 0.003975 seconds.
Begin MonoManager ReloadAssembly
Native extension for WindowsStandalone target not found
Refreshing native plugins compatible for Editor in 0.26 ms, found 2 plugins.
Preloading 0 native plugins for Editor in 0.00 ms.
Mono: successfully reloaded assembly
- Completed reload, in  1.865 seconds
Domain Reload Profiling:
	ReloadAssembly (1866ms)
		BeginReloadAssembly (89ms)
			ExecutionOrderSort (0ms)
			DisableScriptedObjects (3ms)
			BackupInstance (0ms)
			ReleaseScriptingObjects (0ms)
			CreateAndSetChildDomain (20ms)
		EndReloadAssembly (1730ms)
			LoadAssemblies (64ms)
			RebuildTransferFunctionScriptingTraits (0ms)
			SetupTypeCache (1338ms)
			ReleaseScriptCaches (1ms)
			RebuildScriptCaches (47ms)
			SetupLoadedEditorAssemblies (192ms)
				LogAssemblyErrors (0ms)
				InitializePlatformSupportModulesInManaged (3ms)
				SetLoadedEditorAssemblies (0ms)
				RefreshPlugins (0ms)
				BeforeProcessingInitializeOnLoad (51ms)
				ProcessInitializeOnLoadAttributes (123ms)
				ProcessInitializeOnLoadMethodAttributes (6ms)
				AfterProcessingInitializeOnLoad (7ms)
				EditorAssembliesLoaded (0ms)
			ExecutionOrderSort2 (0ms)
			AwakeInstancesAfterBackupRestoration (4ms)
Platform modules already initialized, skipping
Refreshing native plugins compatible for Editor in 0.27 ms, found 2 plugins.
Preloading 0 native plugins for Editor in 0.00 ms.
Unloading 1495 Unused Serialized files (Serialized files now loaded: 0)
System memory in use before: 86.4 MB.
System memory in use after: 86.5 MB.

Unloading 14 unused Assets to reduce memory usage. Loaded Objects now: 1987.
Total: 1.721600 ms (FindLiveObjects: 0.097400 ms CreateObjectMapping: 0.030600 ms MarkObjects: 1.582400 ms  DeleteObjects: 0.010600 ms)

AssetImportParameters requested are different than current active one (requested -> active):
  custom:framework-win-MediaFoundation: 216162199b28c13a410421893ffa2e32 -> 
  custom:video-decoder-ogg-theora: a1e56fd34408186e4bbccfd4996cb3dc -> 
  custom:container-muxer-webm: aa71ff27fc2769a1b78a27578f13a17b -> 
  custom:container-demuxer-webm: 4f35f7cbe854078d1ac9338744f61a02 -> 
  custom:container-demuxer-ogg: 62fdf1f143b41e24485cea50d1cbac27 -> 
  custom:video-encoder-webm-vp8: eb34c28f22e8b96e1ab97ce403110664 -> 
  custom:video-decoder-webm-vp8: 9c59270c3fd7afecdb556c50c9e8de78 -> 
  custom:audio-decoder-ogg-vorbis: bf7c407c2cedff20999df2af8eb42d56 -> 
  custom:audio-encoder-webm-vorbis: bf7c407c2cedff20999df2af8eb42d56 -> 
========================================================================
Received Prepare
Registering precompiled user dll's ...
Registered in 0.003867 seconds.
Begin MonoManager ReloadAssembly
Native extension for WindowsStandalone target not found
Refreshing native plugins compatible for Editor in 0.27 ms, found 2 plugins.
Preloading 0 native plugins for Editor in 0.00 ms.
Mono: successfully reloaded assembly
- Completed reload, in  0.613 seconds
Domain Reload Profiling:
	ReloadAssembly (613ms)
		BeginReloadAssembly (79ms)
			ExecutionOrderSort (0ms)
			DisableScriptedObjects (3ms)
			BackupInstance (0ms)
			ReleaseScriptingObjects (0ms)
			CreateAndSetChildDomain (22ms)
		EndReloadAssembly (490ms)
			LoadAssemblies (64ms)
			RebuildTransferFunctionScriptingTraits (0ms)
			SetupTypeCache (164ms)
			ReleaseScriptCaches (1ms)
			RebuildScriptCaches (22ms)
			SetupLoadedEditorAssemblies (184ms)
				LogAssemblyErrors (0ms)
				InitializePlatformSupportModulesInManaged (3ms)
				SetLoadedEditorAssemblies (0ms)
				RefreshPlugins (0ms)
				BeforeProcessingInitializeOnLoad (50ms)
				ProcessInitializeOnLoadAttributes (118ms)
				ProcessInitializeOnLoadMethodAttributes (6ms)
				AfterProcessingInitializeOnLoad (7ms)
				EditorAssembliesLoaded (0ms)
			ExecutionOrderSort2 (0ms)
			AwakeInstancesAfterBackupRestoration (5ms)
Platform modules already initialized, skipping
Refreshing native plugins compatible for Editor in 0.27 ms, found 2 plugins.
Preloading 0 native plugins for Editor in 0.00 ms.
Unloading 1495 Unused Serialized files (Serialized files now loaded: 0)
System memory in use before: 86.4 MB.
System memory in use after: 86.5 MB.

Unloading 14 unused Assets to reduce memory usage. Loaded Objects now: 1989.
Total: 1.872800 ms (FindLiveObjects: 0.119800 ms CreateObjectMapping: 0.033700 ms MarkObjects: 1.706700 ms  DeleteObjects: 0.011900 ms)

AssetImportParameters requested are different than current active one (requested -> active):
  custom:framework-win-MediaFoundation: 216162199b28c13a410421893ffa2e32 -> 
  custom:video-decoder-ogg-theora: a1e56fd34408186e4bbccfd4996cb3dc -> 
  custom:container-muxer-webm: aa71ff27fc2769a1b78a27578f13a17b -> 
  custom:container-demuxer-webm: 4f35f7cbe854078d1ac9338744f61a02 -> 
  custom:container-demuxer-ogg: 62fdf1f143b41e24485cea50d1cbac27 -> 
  custom:video-encoder-webm-vp8: eb34c28f22e8b96e1ab97ce403110664 -> 
  custom:video-decoder-webm-vp8: 9c59270c3fd7afecdb556c50c9e8de78 -> 
  custom:audio-decoder-ogg-vorbis: bf7c407c2cedff20999df2af8eb42d56 -> 
  custom:audio-encoder-webm-vorbis: bf7c407c2cedff20999df2af8eb42d56 -> 
========================================================================
Received Prepare
Registering precompiled user dll's ...
Registered in 0.003550 seconds.
Begin MonoManager ReloadAssembly
Native extension for WindowsStandalone target not found
Refreshing native plugins compatible for Editor in 0.25 ms, found 2 plugins.
Preloading 0 native plugins for Editor in 0.00 ms.
Mono: successfully reloaded assembly
- Completed reload, in  1.923 seconds
Domain Reload Profiling:
	ReloadAssembly (1923ms)
		BeginReloadAssembly (589ms)
			ExecutionOrderSort (0ms)
			DisableScriptedObjects (4ms)
			BackupInstance (0ms)
			ReleaseScriptingObjects (0ms)
			CreateAndSetChildDomain (26ms)
		EndReloadAssembly (537ms)
			LoadAssemblies (579ms)
			RebuildTransferFunctionScriptingTraits (0ms)
			SetupTypeCache (183ms)
			ReleaseScriptCaches (1ms)
			RebuildScriptCaches (25ms)
			SetupLoadedEditorAssemblies (190ms)
				LogAssemblyErrors (0ms)
				InitializePlatformSupportModulesInManaged (3ms)
				SetLoadedEditorAssemblies (0ms)
				RefreshPlugins (0ms)
				BeforeProcessingInitializeOnLoad (53ms)
				ProcessInitializeOnLoadAttributes (119ms)
				ProcessInitializeOnLoadMethodAttributes (6ms)
				AfterProcessingInitializeOnLoad (8ms)
				EditorAssembliesLoaded (0ms)
			ExecutionOrderSort2 (0ms)
			AwakeInstancesAfterBackupRestoration (4ms)
Platform modules already initialized, skipping
Refreshing native plugins compatible for Editor in 0.26 ms, found 2 plugins.
Preloading 0 native plugins for Editor in 0.00 ms.
Unloading 1495 Unused Serialized files (Serialized files now loaded: 0)
System memory in use before: 86.4 MB.
System memory in use after: 86.6 MB.

Unloading 14 unused Assets to reduce memory usage. Loaded Objects now: 1991.
Total: 1.778400 ms (FindLiveObjects: 0.111100 ms CreateObjectMapping: 0.030900 ms MarkObjects: 1.623400 ms  DeleteObjects: 0.012300 ms)

AssetImportParameters requested are different than current active one (requested -> active):
  custom:framework-win-MediaFoundation: 216162199b28c13a410421893ffa2e32 -> 
  custom:video-decoder-ogg-theora: a1e56fd34408186e4bbccfd4996cb3dc -> 
  custom:container-muxer-webm: aa71ff27fc2769a1b78a27578f13a17b -> 
  custom:container-demuxer-webm: 4f35f7cbe854078d1ac9338744f61a02 -> 
  custom:container-demuxer-ogg: 62fdf1f143b41e24485cea50d1cbac27 -> 
  custom:video-encoder-webm-vp8: eb34c28f22e8b96e1ab97ce403110664 -> 
  custom:video-decoder-webm-vp8: 9c59270c3fd7afecdb556c50c9e8de78 -> 
  custom:audio-decoder-ogg-vorbis: bf7c407c2cedff20999df2af8eb42d56 -> 
  custom:audio-encoder-webm-vorbis: bf7c407c2cedff20999df2af8eb42d56 -> 
========================================================================
Received Prepare
Registering precompiled user dll's ...
Registered in 0.003697 seconds.
Begin MonoManager ReloadAssembly
Native extension for WindowsStandalone target not found
Refreshing native plugins compatible for Editor in 0.27 ms, found 2 plugins.
Preloading 0 native plugins for Editor in 0.00 ms.
Mono: successfully reloaded assembly
- Completed reload, in  1.871 seconds
Domain Reload Profiling:
	ReloadAssembly (1871ms)
		BeginReloadAssembly (87ms)
			ExecutionOrderSort (0ms)
			DisableScriptedObjects (3ms)
			BackupInstance (0ms)
			ReleaseScriptingObjects (0ms)
			CreateAndSetChildDomain (23ms)
		EndReloadAssembly (1735ms)
			LoadAssemblies (70ms)
			RebuildTransferFunctionScriptingTraits (0ms)
			SetupTypeCache (975ms)
			ReleaseScriptCaches (6ms)
			RebuildScriptCaches (265ms)
			SetupLoadedEditorAssemblies (196ms)
				LogAssemblyErrors (0ms)
				InitializePlatformSupportModulesInManaged (3ms)
				SetLoadedEditorAssemblies (0ms)
				RefreshPlugins (0ms)
				BeforeProcessingInitializeOnLoad (53ms)
				ProcessInitializeOnLoadAttributes (126ms)
				ProcessInitializeOnLoadMethodAttributes (6ms)
				AfterProcessingInitializeOnLoad (7ms)
				EditorAssembliesLoaded (0ms)
			ExecutionOrderSort2 (0ms)
			AwakeInstancesAfterBackupRestoration (4ms)
Platform modules already initialized, skipping
Refreshing native plugins compatible for Editor in 0.25 ms, found 2 plugins.
Preloading 0 native plugins for Editor in 0.00 ms.
Unloading 1495 Unused Serialized files (Serialized files now loaded: 0)
System memory in use before: 86.5 MB.
System memory in use after: 86.6 MB.

Unloading 14 unused Assets to reduce memory usage. Loaded Objects now: 1993.
Total: 1.741600 ms (FindLiveObjects: 0.104800 ms CreateObjectMapping: 0.030500 ms MarkObjects: 1.582400 ms  DeleteObjects: 0.023400 ms)

AssetImportParameters requested are different than current active one (requested -> active):
  custom:framework-win-MediaFoundation: 216162199b28c13a410421893ffa2e32 -> 
  custom:video-decoder-ogg-theora: a1e56fd34408186e4bbccfd4996cb3dc -> 
  custom:container-muxer-webm: aa71ff27fc2769a1b78a27578f13a17b -> 
  custom:container-demuxer-webm: 4f35f7cbe854078d1ac9338744f61a02 -> 
  custom:container-demuxer-ogg: 62fdf1f143b41e24485cea50d1cbac27 -> 
  custom:video-encoder-webm-vp8: eb34c28f22e8b96e1ab97ce403110664 -> 
  custom:video-decoder-webm-vp8: 9c59270c3fd7afecdb556c50c9e8de78 -> 
  custom:audio-decoder-ogg-vorbis: bf7c407c2cedff20999df2af8eb42d56 -> 
  custom:audio-encoder-webm-vorbis: bf7c407c2cedff20999df2af8eb42d56 -> 
AssetImportWorkerClient::OnTransportError - code=2 error=End of file
